<?xml version="1.0" encoding="UTF-8"?>
<!-- Generated by org.testng.reporters.JUnitReportReporter -->
<testsuite hostname="DESKTOP-38D239J" failures="0" tests="2" name="testNG1.Sample" time="0.005" errors="0" timestamp="2022-03-29T07:37:03 IST" skipped="0">
  <testcase classname="testNG1.Sample" name="display" time="0.005"/>
  <system-out/>
  <testcase classname="testNG1.Sample" name="display1" time="0.000"/>
  <system-out/>
</testsuite> <!-- testNG1.Sample -->
