<?xml version="1.0" encoding="UTF-8"?>
<!-- Generated by org.testng.reporters.JUnitReportReporter -->
<testsuite hostname="DESKTOP-38D239J" failures="0" tests="3" name="testNG.pack1.Sample4" time="0.002" errors="0" timestamp="2022-03-29T07:39:38 IST" skipped="0">
  <testcase classname="testNG.pack1.Sample4" name="done45" time="0.000"/>
  <system-out/>
  <testcase classname="testNG.pack1.Sample4" name="done4" time="0.001"/>
  <system-out/>
  <testcase classname="testNG.pack1.Sample4" name="done46" time="0.001"/>
  <system-out/>
</testsuite> <!-- testNG.pack1.Sample4 -->
