<?xml version="1.0" encoding="UTF-8"?>
<!-- Generated by org.testng.reporters.JUnitReportReporter -->
<testsuite hostname="DESKTOP-38D239J" failures="0" tests="2" name="testNG.pack1.Sample2" time="0.013" errors="0" timestamp="2022-03-29T15:43:42 IST" skipped="0">
  <testcase classname="testNG.pack1.Sample2" name="display" time="0.012"/>
  <system-out/>
  <testcase classname="testNG.pack1.Sample2" name="display1" time="0.001"/>
  <system-out/>
</testsuite> <!-- testNG.pack1.Sample2 -->
