<?xml version="1.0" encoding="UTF-8"?>
<!-- Generated by org.testng.reporters.JUnitReportReporter -->
<testsuite hostname="DESKTOP-38D239J" failures="0" tests="3" name="testNG.Sample4" time="0.001" errors="0" timestamp="2022-03-29T07:37:53 IST" skipped="0">
  <testcase classname="testNG.Sample4" name="done46" time="0.000"/>
  <system-out/>
  <testcase classname="testNG.Sample4" name="done45" time="0.001"/>
  <system-out/>
  <testcase classname="testNG.Sample4" name="done4" time="0.000"/>
  <system-out/>
</testsuite> <!-- testNG.Sample4 -->
